1536754659988	geckodriver	INFO	geckodriver 0.21.0
1536754659999	geckodriver	INFO	Listening on 127.0.0.1:54286
1536754663023	mozrunner::runner	INFO	Running command: "E:\\Software\\Mozilla Firefox\\firefox.exe" "-marionette" "-foreground" "-no-remote" "-profile" "C:\\Users\\dengkele\\AppData\\Local\\Temp\\rust_mozprofile.DOu3EZ9vMgUo"
1536754668365	Marionette	INFO	Listening on port 54294
1536754668500	Marionette	WARN	TLS certificate errors will be ignored for this session
1536754668554	Marionette	DEBUG	[6442450945] Frame script loaded
1536754668565	Marionette	DEBUG	[6442450945] Frame script registered
1536754668654	Marionette	DEBUG	[6442450945] Received DOM event beforeunload for about:blank
1536754670951	Marionette	DEBUG	[6442450945] Received DOM event pagehide for about:blank
JavaScript error: https://ss1.bdstatic.com/5eN1bjq8AAUYm2zgoY3K/r/www/cache/static/protocol/https/plugins/every_cookie_4644b13.js, line 4: ReferenceError: c is not defined
1536754671750	Marionette	DEBUG	[6442450945] Received DOM event DOMContentLoaded for https://www.baidu.com/
1536754671900	Marionette	DEBUG	[6442450945] Received DOM event pageshow for https://www.baidu.com/
[Child 30224, Chrome_ChildThread] WARNING: pipe error: 109: file z:/build/build/src/ipc/chromium/src/chrome/common/ipc_channel_win.cc, line 346
[Child 30224, Chrome_ChildThread] WARNING: pipe error: 109: file z:/build/build/src/ipc/chromium/src/chrome/common/ipc_channel_win.cc, line 346
[Parent 24700, Gecko_IOThread] WARNING: pipe error: 109: file z:/build/build/src/ipc/chromium/src/chrome/common/ipc_channel_win.cc, line 346
[Child 14108, Chrome_ChildThread] WARNING: pipe error: 109: file z:/build/build/src/ipc/chromium/src/chrome/common/ipc_channel_win.cc, line 346
[Child 14108, Chrome_ChildThread] WARNING: pipe error: 109: file z:/build/build/src/ipc/chromium/src/chrome/common/ipc_channel_win.cc, line 346
1536754676337	Marionette	INFO	Stopped listening on port 54294
[GPU 11348, Chrome_ChildThread] WARNING: pipe error: 109: file z:/build/build/src/ipc/chromium/src/chrome/common/ipc_channel_win.cc, line 346

###!!! [Child][MessageChannel::SendAndWait] Error: Channel error: cannot send/recv

1536754752178	geckodriver	INFO	geckodriver 0.21.0
1536754752191	geckodriver	INFO	Listening on 127.0.0.1:54416
1536754755204	mozrunner::runner	INFO	Running command: "E:\\Software\\Mozilla Firefox\\firefox.exe" "-marionette" "-foreground" "-no-remote" "-profile" "C:\\Users\\dengkele\\AppData\\Local\\Temp\\rust_mozprofile.aWqhU4XvMnjw"
1536754760421	Marionette	INFO	Listening on port 54425
1536754760699	Marionette	WARN	TLS certificate errors will be ignored for this session
1536754760751	Marionette	DEBUG	[6442450945] Frame script loaded
1536754760754	Marionette	DEBUG	[6442450945] Frame script registered
1536754760791	Marionette	DEBUG	[6442450945] Received DOM event beforeunload for about:blank
1536754761590	Marionette	DEBUG	[6442450945] Received DOM event pagehide for about:blank
JavaScript error: https://ss1.bdstatic.com/5eN1bjq8AAUYm2zgoY3K/r/www/cache/static/protocol/https/plugins/every_cookie_4644b13.js, line 4: ReferenceError: c is not defined
1536754762108	Marionette	DEBUG	[6442450945] Received DOM event DOMContentLoaded for https://www.baidu.com/
1536754762328	Marionette	DEBUG	[6442450945] Received DOM event pageshow for https://www.baidu.com/
[Parent 1164, Gecko_IOThread] WARNING: pipe error: 109: file z:/build/build/src/ipc/chromium/src/chrome/common/ipc_channel_win.cc, line 346
[Parent 1164, Gecko_IOThread] WARNING: pipe error: 109: file z:/build/build/src/ipc/chromium/src/chrome/common/ipc_channel_win.cc, line 346
[Child 29396, Chrome_ChildThread] WARNING: pipe error: 109: file z:/build/build/src/ipc/chromium/src/chrome/common/ipc_channel_win.cc, line 346
[Child 29396, Chrome_ChildThread] WARNING: pipe error: 109: file z:/build/build/src/ipc/chromium/src/chrome/common/ipc_channel_win.cc, line 346
[Parent 1164, Gecko_IOThread] WARNING: pipe error: 109: file z:/build/build/src/ipc/chromium/src/chrome/common/ipc_channel_win.cc, line 346
[Child 18136, Chrome_ChildThread] WARNING: pipe error: 109: file z:/build/build/src/ipc/chromium/src/chrome/common/ipc_channel_win.cc, line 346
[Child 18136, Chrome_ChildThread] WARNING: pipe error: 109: file z:/build/build/src/ipc/chromium/src/chrome/common/ipc_channel_win.cc, line 346
1536754769268	Marionette	INFO	Stopped listening on port 54425
[GPU 30812, Chrome_ChildThread] WARNING: pipe error: 109: file z:/build/build/src/ipc/chromium/src/chrome/common/ipc_channel_win.cc, line 346

###!!! [Child][MessageChannel::SendAndWait] Error: Channel error: cannot send/recv

